<?xml version="1.0" encoding="UTF-8"?>
<testsuite xmlns:xsi="http://www.w3.org/2001/XMLSchema-instance" xsi:noNamespaceSchemaLocation="https://maven.apache.org/surefire/maven-surefire-plugin/xsd/surefire-test-report-3.0.xsd" version="3.0" name="com.Bus.Routing.Bus.BusApplicationTests" time="2.618" tests="1" errors="0" skipped="0" failures="0">
  <properties>
[...]
</properties>
  <testcase name="contextLoads" classname="com.Bus.Routing.Bus.BusApplicationTests" time="0.705">
    <system-out><![CDATA[16:46:51.918 [main] INFO org.springframework.test.context.support.AnnotationConfigContextLoaderUtils -- Could not detect default configuration classes for test class [com.Bus.Routing.Bus.BusApplicationTests]: BusApplicationTests does not declare any static, non-private, non-final, nested classes annotated with @Configuration.
16:46:52.005 [main] INFO org.springframework.boot.test.context.SpringBootTestContextBootstrapper -- Found @SpringBootConfiguration com.Bus.Routing.Bus.BusApplication for test class com.Bus.Routing.Bus.BusApplicationTests

  .   ____          _            __ _ _
 /\\ / ___'_ __ _ _(_)_ __  __ _ \ \ \ \
( ( )\___ | '_ | '_| | '_ \/ _` | \ \ \ \
 \\/  ___)| |_)| | | | | || (_| |  ) ) ) )
  '  |____| .__|_| |_|_| |_\__, | / / / /
 =========|_|==============|___/=/_/_/_/
 :: Spring Boot ::                (v3.2.0)

2026-02-18T16:46:52.392+05:30  INFO 24284 --- [Bus] [           main] c.Bus.Routing.Bus.BusApplicationTests    : Starting BusApplicationTests using Java 17.0.12 with PID 24284 (started by nikhi in C:\Users\nikhi\Downloads\Bus)
2026-02-18T16:46:52.396+05:30  INFO 24284 --- [Bus] [           main] c.Bus.Routing.Bus.BusApplicationTests    : No active profile set, falling back to 1 default profile: "default"
2026-02-18T16:46:53.673+05:30  INFO 24284 --- [Bus] [           main] c.Bus.Routing.Bus.BusApplicationTests    : Started BusApplicationTests in 1.53 seconds (process running for 2.269)
]]></system-out>
  </testcase>
</testsuite>